[2026-01-19 12:25:39.472][DBG][Px102588][Tx47311][Logger] ----------------------------- 
[2026-01-19 12:25:39.472][DBG][Px102588][Tx47311][Logger] MAA Process Start 
[2026-01-19 12:25:39.472][DBG][Px102588][Tx47311][Logger] Version v5.4.2 
[2026-01-19 12:25:39.472][DBG][Px102588][Tx47311][Logger] Built at Jan 16 2026 09:07:24 
[2026-01-19 12:25:39.472][DBG][Px102588][Tx47311][Logger] Windows x64 
[2026-01-19 12:25:39.472][DBG][Px102588][Tx47311][Logger] Working H:/Game/FGOBBC/GitRepo 
[2026-01-19 12:25:39.472][DBG][Px102588][Tx47311][Logger] Logging ./debug/maa.log 
[2026-01-19 12:25:39.472][DBG][Px102588][Tx47311][Logger] ----------------------------- 
[2026-01-19 12:25:39.472][TRC][Px102588][Tx47311][OptionMgr.cpp][L35][MaaNS::GlobalNS::OptionMgr::set_log_dir] | leave, 1ms 
[2026-01-19 12:25:39.473][TRC][Px102588][Tx47311][OptionMgr.cpp][L10][MaaNS::GlobalNS::OptionMgr::set_option] | leave, 1ms 
[2026-01-19 12:25:39.473][TRC][Px102588][Tx47311][MaaFramework.cpp][L217][MaaGlobalSetOption] | leave, 2ms 
[2026-01-19 12:25:39.473][DBG][Px102588][Tx47311][MaaFramework.cpp][L217][MaaGlobalSetOption] [key=2] [value=true] [val_size=1] | enter 
[2026-01-19 12:25:39.473][DBG][Px102588][Tx47311][OptionMgr.cpp][L10][MaaNS::GlobalNS::OptionMgr::set_option] [key=2] [value=true] [val_size=1] | enter 
[2026-01-19 12:25:39.473][DBG][Px102588][Tx47311][OptionMgr.cpp][L49][MaaNS::GlobalNS::OptionMgr::set_save_draw] | enter 
[2026-01-19 12:25:39.473][INF][Px102588][Tx47311][OptionMgr.cpp][L58][MaaNS::GlobalNS::OptionMgr::set_save_draw] Set save draw [save_draw_=false] 
[2026-01-19 12:25:39.473][TRC][Px102588][Tx47311][OptionMgr.cpp][L49][MaaNS::GlobalNS::OptionMgr::set_save_draw] | leave, 0ms 
[2026-01-19 12:25:39.473][TRC][Px102588][Tx47311][OptionMgr.cpp][L10][MaaNS::GlobalNS::OptionMgr::set_option] | leave, 0ms 
[2026-01-19 12:25:39.473][TRC][Px102588][Tx47311][MaaFramework.cpp][L217][MaaGlobalSetOption] | leave, 0ms 
[2026-01-19 12:25:39.473][DBG][Px102588][Tx47311][MaaFramework.cpp][L217][MaaGlobalSetOption] [key=7] [value=true] [val_size=1] | enter 
[2026-01-19 12:25:39.473][DBG][Px102588][Tx47311][OptionMgr.cpp][L10][MaaNS::GlobalNS::OptionMgr::set_option] [key=7] [value=true] [val_size=1] | enter 
[2026-01-19 12:25:39.473][DBG][Px102588][Tx47311][OptionMgr.cpp][L99][MaaNS::GlobalNS::OptionMgr::set_save_on_error] | enter 
[2026-01-19 12:25:39.473][INF][Px102588][Tx47311][OptionMgr.cpp][L108][MaaNS::GlobalNS::OptionMgr::set_save_on_error] Set save on error [save_on_error_=true] 
[2026-01-19 12:25:39.473][TRC][Px102588][Tx47311][OptionMgr.cpp][L99][MaaNS::GlobalNS::OptionMgr::set_save_on_error] | leave, 0ms 
[2026-01-19 12:25:39.473][TRC][Px102588][Tx47311][OptionMgr.cpp][L10][MaaNS::GlobalNS::OptionMgr::set_option] | leave, 0ms 
[2026-01-19 12:25:39.473][TRC][Px102588][Tx47311][MaaFramework.cpp][L217][MaaGlobalSetOption] | leave, 0ms 
[2026-01-19 12:25:39.473][DBG][Px102588][Tx47311][MaaFramework.cpp][L217][MaaGlobalSetOption] [key=4] [value=true] [val_size=4] | enter 
[2026-01-19 12:25:39.473][DBG][Px102588][Tx47311][OptionMgr.cpp][L10][MaaNS::GlobalNS::OptionMgr::set_option] [key=4] [value=true] [val_size=4] | enter 
[2026-01-19 12:25:39.473][DBG][Px102588][Tx47311][OptionMgr.cpp][L65][MaaNS::GlobalNS::OptionMgr::set_stdout_level] | enter 
[2026-01-19 12:25:39.473][INF][Px102588][Tx47311][OptionMgr.cpp][L74][MaaNS::GlobalNS::OptionMgr::set_stdout_level] Set log stdout level [level=2] 
[2026-01-19 12:25:39.473][TRC][Px102588][Tx47311][OptionMgr.cpp][L65][MaaNS::GlobalNS::OptionMgr::set_stdout_level] | leave, 0ms 
[2026-01-19 12:25:39.473][TRC][Px102588][Tx47311][OptionMgr.cpp][L10][MaaNS::GlobalNS::OptionMgr::set_option] | leave, 0ms 
[2026-01-19 12:25:39.473][TRC][Px102588][Tx47311][MaaFramework.cpp][L217][MaaGlobalSetOption] | leave, 0ms 
[2026-01-19 12:25:39.473][DBG][Px102588][Tx47311][MaaFramework.cpp][L217][MaaGlobalSetOption] [key=8] [value=true] [val_size=4] | enter 
[2026-01-19 12:25:39.473][DBG][Px102588][Tx47311][OptionMgr.cpp][L10][MaaNS::GlobalNS::OptionMgr::set_option] [key=8] [value=true] [val_size=4] | enter 
[2026-01-19 12:25:39.473][DBG][Px102588][Tx47311][OptionMgr.cpp][L115][MaaNS::GlobalNS::OptionMgr::set_draw_quality] | enter 
[2026-01-19 12:25:39.473][INF][Px102588][Tx47311][OptionMgr.cpp][L130][MaaNS::GlobalNS::OptionMgr::set_draw_quality] Set draw quality [draw_quality_=85] 
[2026-01-19 12:25:39.473][TRC][Px102588][Tx47311][OptionMgr.cpp][L115][MaaNS::GlobalNS::OptionMgr::set_draw_quality] | leave, 0ms 
[2026-01-19 12:25:39.473][TRC][Px102588][Tx47311][OptionMgr.cpp][L10][MaaNS::GlobalNS::OptionMgr::set_option] | leave, 0ms 
[2026-01-19 12:25:39.473][TRC][Px102588][Tx47311][MaaFramework.cpp][L217][MaaGlobalSetOption] | leave, 0ms 
[2026-01-19 12:25:39.473][DBG][Px102588][Tx47311][GlobalOptionConfig.cpp][L83][MaaNS::ToolkitNS::GlobalOptionConfig::apply_option] [bret=true] 
[2026-01-19 12:25:39.473][TRC][Px102588][Tx47311][GlobalOptionConfig.cpp][L67][MaaNS::ToolkitNS::GlobalOptionConfig::apply_option] | leave, 2ms 
[2026-01-19 12:25:39.473][TRC][Px102588][Tx47311][GlobalOptionConfig.cpp][L17][MaaNS::ToolkitNS::GlobalOptionConfig::init] | leave, 4ms 
[2026-01-19 12:25:39.474][DBG][Px102588][Tx47311][MaaFramework.cpp][L217][MaaGlobalSetOption] [key=6] [value=true] [val_size=1] | enter 
[2026-01-19 12:25:39.474][DBG][Px102588][Tx47311][OptionMgr.cpp][L10][MaaNS::GlobalNS::OptionMgr::set_option] [key=6] [value=true] [val_size=1] | enter 
[2026-01-19 12:25:39.474][DBG][Px102588][Tx47311][OptionMgr.cpp][L83][MaaNS::GlobalNS::OptionMgr::set_debug_mode] | enter 
[2026-01-19 12:25:39.474][INF][Px102588][Tx47311][OptionMgr.cpp][L92][MaaNS::GlobalNS::OptionMgr::set_debug_mode] Set debug message [debug_mode_=true] 
[2026-01-19 12:25:39.474][TRC][Px102588][Tx47311][OptionMgr.cpp][L83][MaaNS::GlobalNS::OptionMgr::set_debug_mode] | leave, 0ms 
[2026-01-19 12:25:39.474][TRC][Px102588][Tx47311][OptionMgr.cpp][L10][MaaNS::GlobalNS::OptionMgr::set_option] | leave, 0ms 
[2026-01-19 12:25:39.474][TRC][Px102588][Tx47311][MaaFramework.cpp][L217][MaaGlobalSetOption] | leave, 0ms 
[2026-01-19 12:25:39.845][DBG][Px102588][Tx47311][Logger] ----------------------------- 
[2026-01-19 12:25:39.845][DBG][Px102588][Tx47311][Logger] Close log 
[2026-01-19 12:25:39.845][DBG][Px102588][Tx47311][Logger] ----------------------------- 
